{"/Users/kaseenadhreddybojja/DEV/Jobs/JS/react/basic/src/components/common/AboutComponent.js": {"path":"/Users/kaseenadhreddybojja/DEV/Jobs/JS/react/basic/src/components/common/AboutComponent.js","statementMap":{"0":{"start":{"line":1,"column":23},"end":{"line":13,"column":1}},"1":{"start":{"line":2,"column":4},"end":{"line":12,"column":5}}},"fnMap":{"0":{"name":"(anonymous_0)","decl":{"start":{"line":1,"column":23},"end":{"line":1,"column":24}},"loc":{"start":{"line":1,"column":29},"end":{"line":13,"column":1}},"line":1}},"branchMap":{},"s":{"0":1,"1":1},"f":{"0":1},"b":{},"_coverageSchema":"1a1c01bbd47fc00a2c39e90264f33305004495a9","hash":"3f0c6f2f818c546c7a47326fc37762bf6518ea74"}
,"/Users/kaseenadhreddybojja/DEV/Jobs/JS/react/basic/src/utils/sum.js": {"path":"/Users/kaseenadhreddybojja/DEV/Jobs/JS/react/basic/src/utils/sum.js","statementMap":{"0":{"start":{"line":1,"column":19},"end":{"line":1,"column":34}},"1":{"start":{"line":1,"column":29},"end":{"line":1,"column":34}}},"fnMap":{"0":{"name":"(anonymous_0)","decl":{"start":{"line":1,"column":19},"end":{"line":1,"column":20}},"loc":{"start":{"line":1,"column":29},"end":{"line":1,"column":34}},"line":1}},"branchMap":{},"s":{"0":1,"1":1},"f":{"0":1},"b":{},"_coverageSchema":"1a1c01bbd47fc00a2c39e90264f33305004495a9","hash":"9284cbd1bb82da39a1d73bc88dc56f4047cf5f2f"}
}
